<?xml version="1.0" encoding="UTF-8"?>
<testsuite name="com.parkingwang.lang.StringKitTest" tests="4" skipped="0" failures="0" errors="0" timestamp="2016-12-27T14:56:43" hostname="CHEN-WIN10" time="0.0">
  <properties/>
  <testcase name="testReplaceAll" classname="com.parkingwang.lang.StringKitTest" time="0.0"/>
  <testcase name="testSplit" classname="com.parkingwang.lang.StringKitTest" time="0.0"/>
  <testcase name="testSplit0" classname="com.parkingwang.lang.StringKitTest" time="0.0"/>
  <testcase name="testSplit1" classname="com.parkingwang.lang.StringKitTest" time="0.0"/>
  <system-out><![CDATA[]]></system-out>
  <system-err><![CDATA[]]></system-err>
</testsuite>
