<?xml version="1.0" encoding="UTF-8"?>
<testsuite name="com.parkingwang.lang.ByteKitTest" tests="5" skipped="0" failures="0" errors="0" timestamp="2016-12-27T14:56:43" hostname="CHEN-WIN10" time="0.0">
  <properties/>
  <testcase name="testInt" classname="com.parkingwang.lang.ByteKitTest" time="0.0"/>
  <testcase name="testFloat" classname="com.parkingwang.lang.ByteKitTest" time="0.0"/>
  <testcase name="testShort" classname="com.parkingwang.lang.ByteKitTest" time="0.0"/>
  <testcase name="testLong" classname="com.parkingwang.lang.ByteKitTest" time="0.0"/>
  <testcase name="testDouble" classname="com.parkingwang.lang.ByteKitTest" time="0.0"/>
  <system-out><![CDATA[]]></system-out>
  <system-err><![CDATA[]]></system-err>
</testsuite>
